#
# A fatal error has been detected by the Java Runtime Environment:
#
#  Internal Error (javaClasses.cpp:129), pid=1236, tid=6096
#  fatal error: Invalid layout of preloaded class
#
# JRE version: 7.0_09-b05
# Java VM: Java HotSpot(TM) 64-Bit Server VM (23.5-b02 mixed mode windows-amd64 compressed oops)
# Failed to write core dump. Minidumps are not enabled by default on client versions of Windows
#
# If you would like to submit a bug report, please visit:
#   http://bugreport.sun.com/bugreport/crash.jsp
#

---------------  T H R E A D  ---------------

Current thread (0x000000000228c800):  JavaThread "Unknown thread" [_thread_in_vm, id=6096, stack(0x0000000002320000,0x0000000002420000)]

Stack: [0x0000000002320000,0x0000000002420000]

---------------  P R O C E S S  ---------------

Java Threads: ( => current thread )

Other Threads:

=>0x000000000228c800 (exited) JavaThread "Unknown thread" [_thread_in_vm, id=6096, stack(0x0000000002320000,0x0000000002420000)]

VM state:not at safepoint (not fully initialized)

VM Mutex/Monitor currently owned by a thread: None

GC Heap History (0 events):
No events

Deoptimization events (0 events):
No events

Internal exceptions (0 events):
No events

Events (10 events):
Event: 0.113 loading class 0x00000000021b2a90 done
Event: 0.113 loading class 0x0000000002179fc0 done
Event: 0.113 loading class 0x0000000002179f90
Event: 0.113 loading class 0x00000000022013c0
Event: 0.113 loading class 0x00000000022013c0 done
Event: 0.113 loading class 0x0000000002201400
Event: 0.113 loading class 0x0000000002201400 done
Event: 0.113 loading class 0x00000000086ce7b0
Event: 0.114 loading class 0x00000000086ce7b0 done
Event: 0.114 loading class 0x0000000002179f90 done


Dynamic libraries:
0x000000013f490000 - 0x000000013f4c4000 	C:\Program Files\Java\jre7\bin\javaw.exe
0x0000000077340000 - 0x00000000774e9000 	C:\Windows\SYSTEM32\ntdll.dll
0x0000000077220000 - 0x000000007733f000 	C:\Windows\system32\kernel32.dll
0x000007fefdb00000 - 0x000007fefdb6c000 	C:\Windows\system32\KERNELBASE.dll
0x000007fefdfc0000 - 0x000007fefe09b000 	C:\Windows\system32\ADVAPI32.dll
0x000007fefe100000 - 0x000007fefe19f000 	C:\Windows\system32\msvcrt.dll
0x000007fefe230000 - 0x000007fefe24f000 	C:\Windows\SYSTEM32\sechost.dll
0x000007fefde90000 - 0x000007fefdfbd000 	C:\Windows\system32\RPCRT4.dll
0x0000000076e70000 - 0x0000000076f6a000 	C:\Windows\system32\USER32.dll
0x000007fefdb70000 - 0x000007fefdbd7000 	C:\Windows\system32\GDI32.dll
0x000007fefe1a0000 - 0x000007fefe1ae000 	C:\Windows\system32\LPK.dll
0x000007feff110000 - 0x000007feff1d9000 	C:\Windows\system32\USP10.dll
0x000007fefc270000 - 0x000007fefc464000 	C:\Windows\WinSxS\amd64_microsoft.windows.common-controls_6595b64144ccf1df_6.0.7601.17514_none_fa396087175ac9ac\COMCTL32.dll
0x000007fefe1b0000 - 0x000007fefe221000 	C:\Windows\system32\SHLWAPI.dll
0x000007feff1e0000 - 0x000007feff20e000 	C:\Windows\system32\IMM32.DLL
0x000007feff460000 - 0x000007feff569000 	C:\Windows\system32\MSCTF.dll
0x00000000630a0000 - 0x0000000063171000 	C:\Program Files\Java\jre7\bin\msvcr100.dll
0x0000000062980000 - 0x000000006309f000 	C:\Program Files\Java\jre7\bin\server\jvm.dll
0x000007fef1d40000 - 0x000007fef1d49000 	C:\Windows\system32\WSOCK32.dll
0x000007feff410000 - 0x000007feff45d000 	C:\Windows\system32\WS2_32.dll
0x000007fefe2d0000 - 0x000007fefe2d8000 	C:\Windows\system32\NSI.dll
0x000007fefb9e0000 - 0x000007fefba1b000 	C:\Windows\system32\WINMM.dll
0x0000000077500000 - 0x0000000077507000 	C:\Windows\system32\PSAPI.DLL
0x000000006d7d0000 - 0x000000006d7df000 	C:\Program Files\Java\jre7\bin\verify.dll
0x0000000064210000 - 0x0000000064238000 	C:\Program Files\Java\jre7\bin\java.dll
0x00000000641f0000 - 0x0000000064205000 	C:\Program Files\Java\jre7\bin\zip.dll

VM Arguments:
jvm_args: -Dfile.encoding=Cp1252 -Xbootclasspath:C:\Users\Kelvin\Documents\Andes\tesis\Android\sdk\platforms\android-15\android.jar 
java_command: com.sun.pdfview.HexDump
Launcher Type: SUN_STANDARD

Environment Variables:
JAVA_HOME=C:\Program Files\Java\jre7
CLASSPATH=.;C:\Program Files (x86)\QuickTime\QTSystem\QTJava.zip
PATH=C:\webdev\php\;C:\Windows\system32;C:\Windows;C:\Windows\System32\Wbem;C:\Windows\System32\WindowsPowerShell\v1.0\;C:\Program Files (x86)\Microsoft SQL Server\100\Tools\Binn\;C:\Program Files\Microsoft SQL Server\100\Tools\Binn\;C:\Program Files\Microsoft SQL Server\100\DTS\Binn\;C:\Program Files\Java\jre7\bin;C:\Program Files (x86)\QuickTime\QTSystem\;C:\Program Files (x86)\SSH Communications Security\SSH Secure Shell
USERNAME=Kelvin
OS=Windows_NT
PROCESSOR_IDENTIFIER=Intel64 Family 6 Model 15 Stepping 13, GenuineIntel



---------------  S Y S T E M  ---------------

OS: Windows 7 , 64 bit Build 7601 Service Pack 1

CPU:total 2 (2 cores per cpu, 1 threads per core) family 6 model 15 stepping 13, cmov, cx8, fxsr, mmx, sse, sse2, sse3, ssse3, tsc

Memory: 4k page, physical 4095188k(993500k free), swap 8188524k(4351152k free)

vm_info: Java HotSpot(TM) 64-Bit Server VM (23.5-b02) for windows-amd64 JRE (1.7.0_09-b05), built on Sep 24 2012 21:45:04 by "java_re" with unknown MS VC++:1600

time: Sat Apr 20 22:32:37 2013
elapsed time: 0 seconds

